<?xml version="1.0" encoding="UTF-8"?>
<testng-results ignored="0" total="1" passed="1" failed="0" skipped="0">
  <reporter-output>
  </reporter-output>
  <suite started-at="2020-10-27T12:45:41 IST" name="Default suite" finished-at="2020-10-27T12:46:01 IST" duration-ms="20077">
    <groups>
    </groups>
    <test started-at="2020-10-27T12:45:41 IST" name="Default test" finished-at="2020-10-27T12:46:01 IST" duration-ms="20077">
      <class name="TwitterAPITest">
        <test-method signature="postTweet()[pri:0, instance:TwitterAPITest@11a9e7c8]" started-at="2020-10-27T12:45:42 IST" name="postTweet" finished-at="2020-10-27T12:46:01 IST" duration-ms="19788" status="PASS">
          <reporter-output>
          </reporter-output>
        </test-method> <!-- postTweet -->
      </class> <!-- TwitterAPITest -->
    </test> <!-- Default test -->
  </suite> <!-- Default suite -->
</testng-results>
